<?xml version="1.0" encoding="utf-8"?><testsuites name="pytest tests"><testsuite name="pytest" errors="0" failures="0" skipped="0" tests="12" time="3.655" timestamp="2026-09-16T18:30:07.121657+00:00" hostname="agent-env-3d4cd504-0e00-48bf-888b-c09e96adedb9"><testcase classname="tests.backend_test.TestAuth" name="test_login_success" time="0.782" /><testcase classname="tests.backend_test.TestClients" name="test_list_clients" time="0.783" /><testcase classname="tests.backend_test.TestAuth" name="test_login_wrong_password" time="0.466" /><testcase classname="tests.backend_test.TestClients" name="test_client_crud_and_payment_toggle" time="1.291" /><testcase classname="tests.backend_test.TestAuth" name="test_register_and_me" time="0.821" /><testcase classname="tests.backend_test.TestAuth" name="test_register_duplicate" time="0.237" /><testcase classname="tests.backend_test.TestClients" name="test_create_client_validation" time="0.088" /><testcase classname="tests.backend_test.TestClients" name="test_clients_unauthenticated" time="0.197" /><testcase classname="tests.backend_test.TestAuth" name="test_me_without_token" time="0.215" /><testcase classname="tests.backend_test.TestDashboardReports" name="test_dashboard" time="0.423" /><testcase classname="tests.backend_test.TestDashboardReports" name="test_reports" time="0.072" /><testcase classname="tests.backend_test.TestDashboardReports" name="test_export_csv" time="0.089" /></testsuite></testsuites>